Using pre-set license
Built from '2020.3/staging' branch; Version is '2020.3.25f1 (9b9180224418) revision 10195328'; Using compiler version '192528614'; Build Type 'Release'
OS: 'Windows 11  (10.0.22000) 64bit Professional' Language: 'tr' Physical Memory: 8044 MB
BatchMode: 1, IsHumanControllingUs: 0, StartBugReporterOnCrash: 0, Is64bit: 1, IsPro: 0

COMMAND LINE ARGUMENTS:
C:\Program Files\Unity\Hub\Editor\2020.3.25f1\Editor\Unity.exe
-adb2
-batchMode
-noUpm
-name
AssetImportWorker0
-projectPath
C:/Users/oguzh/My project (6)
-logFile
Logs/AssetImportWorker0.log
-srvPort
54765
Successfully changed project path to: C:/Users/oguzh/My project (6)
C:/Users/oguzh/My project (6)
Using Asset Import Pipeline V2.
Refreshing native plugins compatible for Editor in 34.49 ms, found 2 plugins.
Preloading 0 native plugins for Editor in 0.00 ms.
Initialize engine version: 2020.3.25f1 (9b9180224418)
[Subsystems] Discovering subsystems at path C:/Program Files/Unity/Hub/Editor/2020.3.25f1/Editor/Data/Resources/UnitySubsystems
[Subsystems] Discovering subsystems at path C:/Users/oguzh/My project (6)/Assets
GfxDevice: creating device client; threaded=0
Direct3D:
    Version:  Direct3D 11.0 [level 11.1]
    Renderer: NVIDIA GeForce GTX 1650 (ID=0x1f91)
    Vendor:   
    VRAM:     3964 MB
    Driver:   30.0.15.1179
Initialize mono
Mono path[0] = 'C:/Program Files/Unity/Hub/Editor/2020.3.25f1/Editor/Data/Managed'
Mono path[1] = 'C:/Program Files/Unity/Hub/Editor/2020.3.25f1/Editor/Data/MonoBleedingEdge/lib/mono/unityjit'
Mono config path = 'C:/Program Files/Unity/Hub/Editor/2020.3.25f1/Editor/Data/MonoBleedingEdge/etc'
Using monoOptions --debugger-agent=transport=dt_socket,embedding=1,server=y,suspend=n,address=127.0.0.1:56968
Begin MonoManager ReloadAssembly
Registering precompiled unity dll's ...
Register platform support module: C:/Program Files/Unity/Hub/Editor/2020.3.25f1/Editor/Data/PlaybackEngines/WebGLSupport/UnityEditor.WebGL.Extensions.dll
Register platform support module: C:/Program Files/Unity/Hub/Editor/2020.3.25f1/Editor/Data/PlaybackEngines/WindowsStandaloneSupport/UnityEditor.WindowsStandalone.Extensions.dll
Registered in 0.001764 seconds.
Native extension for WindowsStandalone target not found
Native extension for WebGL target not found
Refreshing native plugins compatible for Editor in 31.05 ms, found 2 plugins.
Preloading 0 native plugins for Editor in 0.00 ms.
Mono: successfully reloaded assembly
- Completed reload, in  0.620 seconds
Domain Reload Profiling:
	ReloadAssembly (620ms)
		BeginReloadAssembly (56ms)
			ExecutionOrderSort (0ms)
			DisableScriptedObjects (0ms)
			BackupInstance (0ms)
			ReleaseScriptingObjects (0ms)
			CreateAndSetChildDomain (1ms)
		EndReloadAssembly (489ms)
			LoadAssemblies (55ms)
			RebuildTransferFunctionScriptingTraits (0ms)
			SetupTypeCache (173ms)
			ReleaseScriptCaches (0ms)
			RebuildScriptCaches (32ms)
			SetupLoadedEditorAssemblies (169ms)
				LogAssemblyErrors (0ms)
				InitializePlatformSupportModulesInManaged (5ms)
				SetLoadedEditorAssemblies (1ms)
				RefreshPlugins (31ms)
				BeforeProcessingInitializeOnLoad (15ms)
				ProcessInitializeOnLoadAttributes (88ms)
				ProcessInitializeOnLoadMethodAttributes (29ms)
				AfterProcessingInitializeOnLoad (0ms)
				EditorAssembliesLoaded (0ms)
			ExecutionOrderSort2 (0ms)
			AwakeInstancesAfterBackupRestoration (0ms)
Platform modules already initialized, skipping
Registering precompiled user dll's ...
Registered in 0.002927 seconds.
Begin MonoManager ReloadAssembly
Native extension for WindowsStandalone target not found
Native extension for WebGL target not found
Refreshing native plugins compatible for Editor in 0.49 ms, found 2 plugins.
Preloading 0 native plugins for Editor in 0.00 ms.
Mono: successfully reloaded assembly
- Completed reload, in  1.192 seconds
Domain Reload Profiling:
	ReloadAssembly (1192ms)
		BeginReloadAssembly (164ms)
			ExecutionOrderSort (0ms)
			DisableScriptedObjects (4ms)
			BackupInstance (0ms)
			ReleaseScriptingObjects (0ms)
			CreateAndSetChildDomain (23ms)
		EndReloadAssembly (967ms)
			LoadAssemblies (84ms)
			RebuildTransferFunctionScriptingTraits (0ms)
			SetupTypeCache (322ms)
			ReleaseScriptCaches (0ms)
			RebuildScriptCaches (52ms)
			SetupLoadedEditorAssemblies (390ms)
				LogAssemblyErrors (0ms)
				InitializePlatformSupportModulesInManaged (6ms)
				SetLoadedEditorAssemblies (1ms)
				RefreshPlugins (1ms)
				BeforeProcessingInitializeOnLoad (112ms)
				ProcessInitializeOnLoadAttributes (257ms)
				ProcessInitializeOnLoadMethodAttributes (9ms)
				AfterProcessingInitializeOnLoad (5ms)
				EditorAssembliesLoaded (0ms)
			ExecutionOrderSort2 (0ms)
			AwakeInstancesAfterBackupRestoration (7ms)
Platform modules already initialized, skipping
========================================================================
Worker process is ready to serve import requests
Launched and connected shader compiler UnityShaderCompiler.exe after 0.05 seconds
Refreshing native plugins compatible for Editor in 0.38 ms, found 2 plugins.
Preloading 0 native plugins for Editor in 0.00 ms.
Unloading 1500 Unused Serialized files (Serialized files now loaded: 0)
System memory in use before: 67.4 MB.
System memory in use after: 67.5 MB.

Unloading 19 unused Assets to reduce memory usage. Loaded Objects now: 1932.
Total: 3.845700 ms (FindLiveObjects: 0.162000 ms CreateObjectMapping: 0.048500 ms MarkObjects: 3.554700 ms  DeleteObjects: 0.078100 ms)

AssetImportParameters requested are different than current active one (requested -> active):
  custom:framework-win-MediaFoundation: 216162199b28c13a410421893ffa2e32 -> 
  custom:video-decoder-ogg-theora: a1e56fd34408186e4bbccfd4996cb3dc -> 
  custom:container-muxer-webm: aa71ff27fc2769a1b78a27578f13a17b -> 
  custom:container-demuxer-webm: 4f35f7cbe854078d1ac9338744f61a02 -> 
  custom:container-demuxer-ogg: 62fdf1f143b41e24485cea50d1cbac27 -> 
  custom:video-encoder-webm-vp8: eb34c28f22e8b96e1ab97ce403110664 -> 
  custom:video-decoder-webm-vp8: 9c59270c3fd7afecdb556c50c9e8de78 -> 
  custom:audio-decoder-ogg-vorbis: bf7c407c2cedff20999df2af8eb42d56 -> 
  custom:audio-encoder-webm-vorbis: bf7c407c2cedff20999df2af8eb42d56 -> 
========================================================================
Received Import Request.
  path: Assets/Stylized Lava Materials
  artifactKey: Guid(35c531186d6aeff4d8e2fafda87649b7) Importer(815301076,1909f56bfc062723c751e8b465ee728b)
Start importing Assets/Stylized Lava Materials using Guid(35c531186d6aeff4d8e2fafda87649b7) Importer(815301076,1909f56bfc062723c751e8b465ee728b)  -> (artifact id: '0db4089ed960a1c80073c037ba18862d') in 0.004465 seconds 
  Import took 0.007876 seconds .

========================================================================
Received Import Request.
  Time since last request: 6.836974 seconds.
  path: Assets/Stylized Lava Materials/Demo.unity
  artifactKey: Guid(fb1f9c67869c14549b21ca35a9a018d7) Importer(815301076,1909f56bfc062723c751e8b465ee728b)
Start importing Assets/Stylized Lava Materials/Demo.unity using Guid(fb1f9c67869c14549b21ca35a9a018d7) Importer(815301076,1909f56bfc062723c751e8b465ee728b)  -> (artifact id: '7cf911416bd44fa17001f06273cb4364') in 0.010098 seconds 
  Import took 0.012664 seconds .

========================================================================
Received Import Request.
  Time since last request: 2.552184 seconds.
  path: Assets/Stylized Lava Materials/Lava02
  artifactKey: Guid(d53eb81928367ff43987dbb9416df60f) Importer(815301076,1909f56bfc062723c751e8b465ee728b)
Start importing Assets/Stylized Lava Materials/Lava02 using Guid(d53eb81928367ff43987dbb9416df60f) Importer(815301076,1909f56bfc062723c751e8b465ee728b)  -> (artifact id: '943376af9d74d38610ad06776e799188') in 0.001325 seconds 
  Import took 0.006226 seconds .

========================================================================
Received Import Request.
  Time since last request: 1.044472 seconds.
  path: Assets/Stylized Lava Materials/Lava01
  artifactKey: Guid(fa603172adc08c9439ceeae3cbc9bfd3) Importer(815301076,1909f56bfc062723c751e8b465ee728b)
Start importing Assets/Stylized Lava Materials/Lava01 using Guid(fa603172adc08c9439ceeae3cbc9bfd3) Importer(815301076,1909f56bfc062723c751e8b465ee728b)  -> (artifact id: 'c38f60fcc23ce360bcd6272d75e9ad71') in 0.001460 seconds 
  Import took 0.004520 seconds .

========================================================================
Received Import Request.
  Time since last request: 0.077028 seconds.
  path: Assets/Stylized Lava Materials/Lava01/M_Lava01.mat
  artifactKey: Guid(196a83e4fac7a644ebc189706f6c2082) Importer(815301076,1909f56bfc062723c751e8b465ee728b)
Start importing Assets/Stylized Lava Materials/Lava01/M_Lava01.mat using Guid(196a83e4fac7a644ebc189706f6c2082) Importer(815301076,1909f56bfc062723c751e8b465ee728b)  -> (artifact id: 'ae56a7b73e51c0d97e8bab58a68910cc') in 0.412315 seconds 
  Import took 0.417057 seconds .

========================================================================
Received Import Request.
  Time since last request: 0.000350 seconds.
  path: Assets/Stylized Lava Materials/Lava01/T_Lava01_metallic.png
  artifactKey: Guid(9be07e88bf304ab4b8ec2efeab744e75) Importer(815301076,1909f56bfc062723c751e8b465ee728b)
Start importing Assets/Stylized Lava Materials/Lava01/T_Lava01_metallic.png using Guid(9be07e88bf304ab4b8ec2efeab744e75) Importer(815301076,1909f56bfc062723c751e8b465ee728b)  -> (artifact id: 'b8cbac4a80778c5331deaa541c736a22') in 0.019603 seconds 
  Import took 0.022863 seconds .

========================================================================
Received Import Request.
  Time since last request: 0.000257 seconds.
  path: Assets/Stylized Lava Materials/Lava01/T_Lava01_ao.png
  artifactKey: Guid(7385f77603e598042988b50728804452) Importer(815301076,1909f56bfc062723c751e8b465ee728b)
Start importing Assets/Stylized Lava Materials/Lava01/T_Lava01_ao.png using Guid(7385f77603e598042988b50728804452) Importer(815301076,1909f56bfc062723c751e8b465ee728b)  -> (artifact id: '9999290e6ea0eeb53b359a6c3b665a23') in 0.006733 seconds 
  Import took 0.009476 seconds .

========================================================================
Received Import Request.
  Time since last request: 0.000413 seconds.
  path: Assets/Stylized Lava Materials/Lava01/T_Lava01_emissive.png
  artifactKey: Guid(82e1f644fb8e5504393566f67abc8f19) Importer(815301076,1909f56bfc062723c751e8b465ee728b)
Start importing Assets/Stylized Lava Materials/Lava01/T_Lava01_emissive.png using Guid(82e1f644fb8e5504393566f67abc8f19) Importer(815301076,1909f56bfc062723c751e8b465ee728b)  -> (artifact id: '1f0d176507e89c7c4cc45931c49d28f8') in 0.008431 seconds 
  Import took 0.011555 seconds .

========================================================================
Received Import Request.
  Time since last request: 0.000240 seconds.
  path: Assets/Stylized Lava Materials/Lava01/M_Lava01_Variant01.mat
  artifactKey: Guid(505fbbba9c5a99a4ba162ef4ee7c5736) Importer(815301076,1909f56bfc062723c751e8b465ee728b)
Start importing Assets/Stylized Lava Materials/Lava01/M_Lava01_Variant01.mat using Guid(505fbbba9c5a99a4ba162ef4ee7c5736) Importer(815301076,1909f56bfc062723c751e8b465ee728b)  -> (artifact id: '880d335b61b5995528e7ce5a004f99ef') in 0.132234 seconds 
  Import took 0.136720 seconds .

========================================================================
Received Import Request.
  Time since last request: 0.000279 seconds.
  path: Assets/Stylized Lava Materials/Lava01/T_Lava01_basecolor.png
  artifactKey: Guid(d11561a80694bd64f9b27f8577d16fbf) Importer(815301076,1909f56bfc062723c751e8b465ee728b)
Start importing Assets/Stylized Lava Materials/Lava01/T_Lava01_basecolor.png using Guid(d11561a80694bd64f9b27f8577d16fbf) Importer(815301076,1909f56bfc062723c751e8b465ee728b)  -> (artifact id: '26873d34be00bbbbb1e32f44fbb83af4') in 0.007196 seconds 
  Import took 0.010427 seconds .

========================================================================
Received Import Request.
  Time since last request: 0.000180 seconds.
  path: Assets/Stylized Lava Materials/Lava01/T_Lava01_height.png
  artifactKey: Guid(36c47b94cf58c1946b7412fa62d86076) Importer(815301076,1909f56bfc062723c751e8b465ee728b)
Start importing Assets/Stylized Lava Materials/Lava01/T_Lava01_height.png using Guid(36c47b94cf58c1946b7412fa62d86076) Importer(815301076,1909f56bfc062723c751e8b465ee728b)  -> (artifact id: '7370b059d89b4e22ae309c60c62eae74') in 0.008168 seconds 
  Import took 0.011010 seconds .

========================================================================
Received Import Request.
  Time since last request: 0.000193 seconds.
  path: Assets/Stylized Lava Materials/Lava01/T_Lava01_normal.png
  artifactKey: Guid(680e77cf49a6fae4dbb07ba51303bb6f) Importer(815301076,1909f56bfc062723c751e8b465ee728b)
Start importing Assets/Stylized Lava Materials/Lava01/T_Lava01_normal.png using Guid(680e77cf49a6fae4dbb07ba51303bb6f) Importer(815301076,1909f56bfc062723c751e8b465ee728b)  -> (artifact id: 'a4c50347454efa57a685e6e07d96079d') in 0.012545 seconds 
  Import took 0.015097 seconds .

========================================================================
Received Import Request.
  Time since last request: 3.630090 seconds.
  path: Assets/Stylized Lava Materials/Lava02/M_Lava02.mat
  artifactKey: Guid(9a526ccb9696d6545b3991e93bfb18bd) Importer(815301076,1909f56bfc062723c751e8b465ee728b)
Start importing Assets/Stylized Lava Materials/Lava02/M_Lava02.mat using Guid(9a526ccb9696d6545b3991e93bfb18bd) Importer(815301076,1909f56bfc062723c751e8b465ee728b)  -> (artifact id: 'da0ea61be5900f4ba4bf06870b60a0d8') in 0.017151 seconds 
  Import took 0.020918 seconds .

========================================================================
Received Import Request.
  Time since last request: 0.000242 seconds.
  path: Assets/Stylized Lava Materials/Lava02/T_Lava02_emissive.png
  artifactKey: Guid(5e1b3fdd9823e0849bd594e8c5f87f08) Importer(815301076,1909f56bfc062723c751e8b465ee728b)
Start importing Assets/Stylized Lava Materials/Lava02/T_Lava02_emissive.png using Guid(5e1b3fdd9823e0849bd594e8c5f87f08) Importer(815301076,1909f56bfc062723c751e8b465ee728b)  -> (artifact id: 'c51bb1ad5db0d2262b7171bdd17ada9d') in 0.007851 seconds 
  Import took 0.012105 seconds .

========================================================================
Received Import Request.
  Time since last request: 0.000427 seconds.
  path: Assets/Stylized Lava Materials/Lava02/T_Lava02_height.png
  artifactKey: Guid(372cb625b210c8947b9fb99adc83e72a) Importer(815301076,1909f56bfc062723c751e8b465ee728b)
Start importing Assets/Stylized Lava Materials/Lava02/T_Lava02_height.png using Guid(372cb625b210c8947b9fb99adc83e72a) Importer(815301076,1909f56bfc062723c751e8b465ee728b)  -> (artifact id: '682a6344b0dc0067a805721e82892fca') in 0.006994 seconds 
  Import took 0.010880 seconds .

========================================================================
Received Import Request.
  Time since last request: 0.000160 seconds.
  path: Assets/Stylized Lava Materials/Lava02/T_Lava02_normal.png
  artifactKey: Guid(71610f3bc62fcfc4bb04f413e778e1d3) Importer(815301076,1909f56bfc062723c751e8b465ee728b)
Start importing Assets/Stylized Lava Materials/Lava02/T_Lava02_normal.png using Guid(71610f3bc62fcfc4bb04f413e778e1d3) Importer(815301076,1909f56bfc062723c751e8b465ee728b)  -> (artifact id: 'dfd92550c2ebace37aea4736697210eb') in 0.014472 seconds 
  Import took 0.016656 seconds .

========================================================================
Received Import Request.
  Time since last request: 0.000260 seconds.
  path: Assets/Stylized Lava Materials/Lava02/T_Lava02_basecolor.png
  artifactKey: Guid(c0cfa846b033b0c4c9c81856f53a734b) Importer(815301076,1909f56bfc062723c751e8b465ee728b)
Start importing Assets/Stylized Lava Materials/Lava02/T_Lava02_basecolor.png using Guid(c0cfa846b033b0c4c9c81856f53a734b) Importer(815301076,1909f56bfc062723c751e8b465ee728b)  -> (artifact id: '41886607a03b0f1de4aec99d1aca2a3d') in 0.008608 seconds 
  Import took 0.011189 seconds .

========================================================================
Received Import Request.
  Time since last request: 0.000245 seconds.
  path: Assets/Stylized Lava Materials/Lava02/T_Lava02_metallic.png
  artifactKey: Guid(87e60f60a1c94754780876b2c361f945) Importer(815301076,1909f56bfc062723c751e8b465ee728b)
Start importing Assets/Stylized Lava Materials/Lava02/T_Lava02_metallic.png using Guid(87e60f60a1c94754780876b2c361f945) Importer(815301076,1909f56bfc062723c751e8b465ee728b)  -> (artifact id: '996e51c9a90557d715d3088b8adcfc94') in 0.008116 seconds 
  Import took 0.010800 seconds .

========================================================================
Received Import Request.
  Time since last request: 1.765703 seconds.
  path: Assets/Stylized Lava Materials/Lava03
  artifactKey: Guid(37a25a87eea4c3949a280b19020afdba) Importer(815301076,1909f56bfc062723c751e8b465ee728b)
Start importing Assets/Stylized Lava Materials/Lava03 using Guid(37a25a87eea4c3949a280b19020afdba) Importer(815301076,1909f56bfc062723c751e8b465ee728b)  -> (artifact id: 'bce126f55667e241b2188beb0adf11db') in 0.001977 seconds 
  Import took 0.004627 seconds .

========================================================================
Received Import Request.
  Time since last request: 0.161738 seconds.
  path: Assets/Stylized Lava Materials/Lava03/M_Lava03.mat
  artifactKey: Guid(299166cc9328e484ba27f7c6c60bcc79) Importer(815301076,1909f56bfc062723c751e8b465ee728b)
Start importing Assets/Stylized Lava Materials/Lava03/M_Lava03.mat using Guid(299166cc9328e484ba27f7c6c60bcc79) Importer(815301076,1909f56bfc062723c751e8b465ee728b)  -> (artifact id: '03fa4ea439632ab12846da53b6d3c4a9') in 0.027130 seconds 
  Import took 0.031166 seconds .

========================================================================
Received Import Request.
  Time since last request: 0.000348 seconds.
  path: Assets/Stylized Lava Materials/Lava03/T_Lava03_metallic.png
  artifactKey: Guid(b45c16963ac761d4cac39a870f8efe1d) Importer(815301076,1909f56bfc062723c751e8b465ee728b)
Start importing Assets/Stylized Lava Materials/Lava03/T_Lava03_metallic.png using Guid(b45c16963ac761d4cac39a870f8efe1d) Importer(815301076,1909f56bfc062723c751e8b465ee728b)  -> (artifact id: 'd3a8c8202427835766db51bbdd8e4a53') in 0.009679 seconds 
  Import took 0.012792 seconds .

========================================================================
Received Import Request.
  Time since last request: 0.000253 seconds.
  path: Assets/Stylized Lava Materials/Lava03/T_Lava03_basecolor.png
  artifactKey: Guid(4921777c11d0755449b584725d342e2f) Importer(815301076,1909f56bfc062723c751e8b465ee728b)
Start importing Assets/Stylized Lava Materials/Lava03/T_Lava03_basecolor.png using Guid(4921777c11d0755449b584725d342e2f) Importer(815301076,1909f56bfc062723c751e8b465ee728b)  -> (artifact id: '46564dc29689a8e76bed086bf4ddb682') in 0.009068 seconds 
  Import took 0.011373 seconds .

========================================================================
Received Import Request.
  Time since last request: 0.000291 seconds.
  path: Assets/Stylized Lava Materials/Lava03/T_Lava03_normal.png
  artifactKey: Guid(6e88dfd7ec5417847a311c53434d14dd) Importer(815301076,1909f56bfc062723c751e8b465ee728b)
Start importing Assets/Stylized Lava Materials/Lava03/T_Lava03_normal.png using Guid(6e88dfd7ec5417847a311c53434d14dd) Importer(815301076,1909f56bfc062723c751e8b465ee728b)  -> (artifact id: '09170ecc197a92385b4e325457f8d396') in 0.011416 seconds 
  Import took 0.014121 seconds .

========================================================================
Received Import Request.
  Time since last request: 0.000216 seconds.
  path: Assets/Stylized Lava Materials/Lava03/T_Lava03_height.png
  artifactKey: Guid(ebe988e0fae69904da7059b5c9f618c9) Importer(815301076,1909f56bfc062723c751e8b465ee728b)
Start importing Assets/Stylized Lava Materials/Lava03/T_Lava03_height.png using Guid(ebe988e0fae69904da7059b5c9f618c9) Importer(815301076,1909f56bfc062723c751e8b465ee728b)  -> (artifact id: '215549c8940121e7981b26053caa75de') in 0.007243 seconds 
  Import took 0.009523 seconds .

========================================================================
Received Import Request.
  Time since last request: 0.000253 seconds.
  path: Assets/Stylized Lava Materials/Lava03/T_Lava03_emissive.png
  artifactKey: Guid(f17b304801f7c1d47aaa274463ac04ee) Importer(815301076,1909f56bfc062723c751e8b465ee728b)
Start importing Assets/Stylized Lava Materials/Lava03/T_Lava03_emissive.png using Guid(f17b304801f7c1d47aaa274463ac04ee) Importer(815301076,1909f56bfc062723c751e8b465ee728b)  -> (artifact id: '3fae04c0d3f332bc52ec01b1f6863ffb') in 0.010408 seconds 
  Import took 0.013371 seconds .

========================================================================
Received Import Request.
  Time since last request: 2.372224 seconds.
  path: Assets/Stylized Lava Materials/Lava04
  artifactKey: Guid(ac6b59675e338924389ec0c26567ee73) Importer(815301076,1909f56bfc062723c751e8b465ee728b)
Start importing Assets/Stylized Lava Materials/Lava04 using Guid(ac6b59675e338924389ec0c26567ee73) Importer(815301076,1909f56bfc062723c751e8b465ee728b)  -> (artifact id: '78be324a97bff3f97b0a14489e6d68b5') in 0.001307 seconds 
  Import took 0.005107 seconds .

========================================================================
Received Import Request.
  Time since last request: 0.161188 seconds.
  path: Assets/Stylized Lava Materials/Lava04/M_Lava04.mat
  artifactKey: Guid(530bb4bbf64f6a8498aac9f9a1644e3e) Importer(815301076,1909f56bfc062723c751e8b465ee728b)
Start importing Assets/Stylized Lava Materials/Lava04/M_Lava04.mat using Guid(530bb4bbf64f6a8498aac9f9a1644e3e) Importer(815301076,1909f56bfc062723c751e8b465ee728b)  -> (artifact id: 'e5941a45b3309349fa55c713a8ffbf02') in 0.022379 seconds 
  Import took 0.027958 seconds .

========================================================================
Received Import Request.
  Time since last request: 0.000267 seconds.
  path: Assets/Stylized Lava Materials/Lava04/T_Lava04_normal.png
  artifactKey: Guid(4b17f1284a150504d9421155d6de7e7e) Importer(815301076,1909f56bfc062723c751e8b465ee728b)
Start importing Assets/Stylized Lava Materials/Lava04/T_Lava04_normal.png using Guid(4b17f1284a150504d9421155d6de7e7e) Importer(815301076,1909f56bfc062723c751e8b465ee728b)  -> (artifact id: '153bdc539ceefc202b47b9750a4b47a1') in 0.011771 seconds 
  Import took 0.014390 seconds .

========================================================================
Received Import Request.
  Time since last request: 0.000305 seconds.
  path: Assets/Stylized Lava Materials/Lava04/T_Lava04_metallic.png
  artifactKey: Guid(1b0eddcd97673004da417fffdd79781b) Importer(815301076,1909f56bfc062723c751e8b465ee728b)
Start importing Assets/Stylized Lava Materials/Lava04/T_Lava04_metallic.png using Guid(1b0eddcd97673004da417fffdd79781b) Importer(815301076,1909f56bfc062723c751e8b465ee728b)  -> (artifact id: '116143aed1c848111855c7891d5723d9') in 0.009905 seconds 
  Import took 0.011921 seconds .

========================================================================
Received Import Request.
  Time since last request: 0.000284 seconds.
  path: Assets/Stylized Lava Materials/Lava04/T_Lava04_height.png
  artifactKey: Guid(b940bed1b2c911144989312eb54a61a1) Importer(815301076,1909f56bfc062723c751e8b465ee728b)
Start importing Assets/Stylized Lava Materials/Lava04/T_Lava04_height.png using Guid(b940bed1b2c911144989312eb54a61a1) Importer(815301076,1909f56bfc062723c751e8b465ee728b)  -> (artifact id: '1010a71ee838daf32a55e169ef1e42b7') in 0.006678 seconds 
  Import took 0.008677 seconds .

========================================================================
Received Import Request.
  Time since last request: 0.000198 seconds.
  path: Assets/Stylized Lava Materials/Lava04/T_Lava04_basecolor.png
  artifactKey: Guid(8f675aa6c312b9b4ca5a685c881fc761) Importer(815301076,1909f56bfc062723c751e8b465ee728b)
Start importing Assets/Stylized Lava Materials/Lava04/T_Lava04_basecolor.png using Guid(8f675aa6c312b9b4ca5a685c881fc761) Importer(815301076,1909f56bfc062723c751e8b465ee728b)  -> (artifact id: '840c743d25ac1b76f6fadf91a5acfd93') in 0.008819 seconds 
  Import took 0.011064 seconds .

========================================================================
Received Import Request.
  Time since last request: 4.624719 seconds.
  path: Assets/Stylized Lava Materials/Lava05
  artifactKey: Guid(636bdf4a57a028b418fd328bdf9c1965) Importer(815301076,1909f56bfc062723c751e8b465ee728b)
Start importing Assets/Stylized Lava Materials/Lava05 using Guid(636bdf4a57a028b418fd328bdf9c1965) Importer(815301076,1909f56bfc062723c751e8b465ee728b)  -> (artifact id: 'cd51e428a40e41ee5077fe7ddf43118c') in 0.001454 seconds 
  Import took 0.005337 seconds .

========================================================================
Received Import Request.
  Time since last request: 0.161424 seconds.
  path: Assets/Stylized Lava Materials/Lava05/M_Lava05.mat
  artifactKey: Guid(7ba8162d09542e34b9a72bb543447494) Importer(815301076,1909f56bfc062723c751e8b465ee728b)
Start importing Assets/Stylized Lava Materials/Lava05/M_Lava05.mat using Guid(7ba8162d09542e34b9a72bb543447494) Importer(815301076,1909f56bfc062723c751e8b465ee728b)  -> (artifact id: '8b426a785e77500384323fd010375b83') in 0.020285 seconds 
  Import took 0.025472 seconds .

========================================================================
Received Import Request.
  Time since last request: 0.000251 seconds.
  path: Assets/Stylized Lava Materials/Lava05/T_Lava0_normal.png
  artifactKey: Guid(14f8a22873eaa76469848d6c6030641b) Importer(815301076,1909f56bfc062723c751e8b465ee728b)
Start importing Assets/Stylized Lava Materials/Lava05/T_Lava0_normal.png using Guid(14f8a22873eaa76469848d6c6030641b) Importer(815301076,1909f56bfc062723c751e8b465ee728b)  -> (artifact id: '7a48dabd7c6f0587d8e934df1bc43e5d') in 0.011268 seconds 
  Import took 0.013286 seconds .

========================================================================
Received Import Request.
  Time since last request: 0.000259 seconds.
  path: Assets/Stylized Lava Materials/Lava05/T_Lava0_height.png
  artifactKey: Guid(c8a685e066a200d4f9f1c49279c41617) Importer(815301076,1909f56bfc062723c751e8b465ee728b)
Start importing Assets/Stylized Lava Materials/Lava05/T_Lava0_height.png using Guid(c8a685e066a200d4f9f1c49279c41617) Importer(815301076,1909f56bfc062723c751e8b465ee728b)  -> (artifact id: '3e243e70553e95f96ac7bc3828fcc7d9') in 0.007109 seconds 
  Import took 0.010271 seconds .

========================================================================
Received Import Request.
  Time since last request: 0.000423 seconds.
  path: Assets/Stylized Lava Materials/Lava05/T_Lava0_basecolor.png
  artifactKey: Guid(091eb83e1f36425438bc51ecc5b2e952) Importer(815301076,1909f56bfc062723c751e8b465ee728b)
Start importing Assets/Stylized Lava Materials/Lava05/T_Lava0_basecolor.png using Guid(091eb83e1f36425438bc51ecc5b2e952) Importer(815301076,1909f56bfc062723c751e8b465ee728b)  -> (artifact id: '70c2eed666a6ab277832237c6217543c') in 0.006507 seconds 
  Import took 0.009915 seconds .

========================================================================
Received Import Request.
  Time since last request: 0.000182 seconds.
  path: Assets/Stylized Lava Materials/Lava05/T_Lava0_metallic.png
  artifactKey: Guid(a33cf7e1fa3e43149898e2f4762ad1b9) Importer(815301076,1909f56bfc062723c751e8b465ee728b)
Start importing Assets/Stylized Lava Materials/Lava05/T_Lava0_metallic.png using Guid(a33cf7e1fa3e43149898e2f4762ad1b9) Importer(815301076,1909f56bfc062723c751e8b465ee728b)  -> (artifact id: 'acd1c87f3536d46b76ebb3bb2e9970d1') in 0.009662 seconds 
  Import took 0.011639 seconds .

========================================================================
Received Import Request.
  Time since last request: 365.015998 seconds.
  path: Assets/Scenes
  artifactKey: Guid(3f5724ee2697cfc438aaf83257b12970) Importer(815301076,1909f56bfc062723c751e8b465ee728b)
Start importing Assets/Scenes using Guid(3f5724ee2697cfc438aaf83257b12970) Importer(815301076,1909f56bfc062723c751e8b465ee728b)  -> (artifact id: 'a2ba15159ea24f64c10a197c6e6a6e2b') in 0.003531 seconds 
  Import took 0.006221 seconds .

========================================================================
Received Import Request.
  Time since last request: 1.087202 seconds.
  path: Assets/Scenes/SampleScene.unity
  artifactKey: Guid(9fc0d4010bbf28b4594072e72b8655ab) Importer(815301076,1909f56bfc062723c751e8b465ee728b)
Start importing Assets/Scenes/SampleScene.unity using Guid(9fc0d4010bbf28b4594072e72b8655ab) Importer(815301076,1909f56bfc062723c751e8b465ee728b)  -> (artifact id: '85059f4f9e1a832ed95adaa0d25c5c4c') in 0.002041 seconds 
  Import took 0.004701 seconds .

========================================================================
Received Import Request.
  Time since last request: 5.154248 seconds.
  path: Assets/NatureManufacture Assets
  artifactKey: Guid(ff0528e8274f20644823c72828c7aa5d) Importer(815301076,1909f56bfc062723c751e8b465ee728b)
Start importing Assets/NatureManufacture Assets using Guid(ff0528e8274f20644823c72828c7aa5d) Importer(815301076,1909f56bfc062723c751e8b465ee728b)  -> (artifact id: '8b17f983cbbc9f282fd9555a49a57306') in 0.001254 seconds 
  Import took 0.003757 seconds .

========================================================================
Received Import Request.
  Time since last request: 3.103591 seconds.
  path: Assets/NatureManufacture Assets/Winter Background Mountains
  artifactKey: Guid(961d9f2759a57e14dbf17aa401b252c2) Importer(815301076,1909f56bfc062723c751e8b465ee728b)
Start importing Assets/NatureManufacture Assets/Winter Background Mountains using Guid(961d9f2759a57e14dbf17aa401b252c2) Importer(815301076,1909f56bfc062723c751e8b465ee728b)  -> (artifact id: 'd40edc41a3b168049ce05a32fbfa5315') in 0.001939 seconds 
  Import took 0.004208 seconds .

========================================================================
Received Import Request.
  Time since last request: 2.295952 seconds.
  path: Assets/NatureManufacture Assets/Winter Background Mountains/Gaia Stamps
  artifactKey: Guid(b8cb61d7ab40da34cb36f52cedb11cb0) Importer(815301076,1909f56bfc062723c751e8b465ee728b)
Start importing Assets/NatureManufacture Assets/Winter Background Mountains/Gaia Stamps using Guid(b8cb61d7ab40da34cb36f52cedb11cb0) Importer(815301076,1909f56bfc062723c751e8b465ee728b)  -> (artifact id: '4146c3ca466c1399be28f1fdf4f1e324') in 0.001870 seconds 
  Import took 0.004484 seconds .

========================================================================
Received Import Request.
  Time since last request: 0.187047 seconds.
  path: Assets/NatureManufacture Assets/Winter Background Mountains/Gaia Stamps/NM_Gaia_Crater_1.jpg
  artifactKey: Guid(e4921ac9885d1f246a9eab6940905234) Importer(815301076,1909f56bfc062723c751e8b465ee728b)
Start importing Assets/NatureManufacture Assets/Winter Background Mountains/Gaia Stamps/NM_Gaia_Crater_1.jpg using Guid(e4921ac9885d1f246a9eab6940905234) Importer(815301076,1909f56bfc062723c751e8b465ee728b)  -> (artifact id: '670bf3899df896295e5643b75559e86f') in 0.009422 seconds 
  Import took 0.012645 seconds .

========================================================================
Received Import Request.
  Time since last request: 0.000286 seconds.
  path: Assets/NatureManufacture Assets/Winter Background Mountains/Gaia Stamps/NM_Gaia_Hill_1.jpg
  artifactKey: Guid(acc7cad2d6fda6d4aa21fc197886b008) Importer(815301076,1909f56bfc062723c751e8b465ee728b)
Start importing Assets/NatureManufacture Assets/Winter Background Mountains/Gaia Stamps/NM_Gaia_Hill_1.jpg using Guid(acc7cad2d6fda6d4aa21fc197886b008) Importer(815301076,1909f56bfc062723c751e8b465ee728b)  -> (artifact id: 'eadd4aa681952bd413186e5809b14660') in 0.009592 seconds 
  Import took 0.011656 seconds .

========================================================================
Received Import Request.
  Time since last request: 0.000262 seconds.
  path: Assets/NatureManufacture Assets/Winter Background Mountains/Gaia Stamps/NM_Gaia_Hill_7.jpg
  artifactKey: Guid(de6be41a6be5f1549a62164db28cd43a) Importer(815301076,1909f56bfc062723c751e8b465ee728b)
Start importing Assets/NatureManufacture Assets/Winter Background Mountains/Gaia Stamps/NM_Gaia_Hill_7.jpg using Guid(de6be41a6be5f1549a62164db28cd43a) Importer(815301076,1909f56bfc062723c751e8b465ee728b)  -> (artifact id: '70a552e3709535c3126649a18ad9a772') in 0.008568 seconds 
  Import took 0.010519 seconds .

========================================================================
Received Import Request.
  Time since last request: 0.000250 seconds.
  path: Assets/NatureManufacture Assets/Winter Background Mountains/Gaia Stamps/NM_Gaia_Mountain_1.jpg
  artifactKey: Guid(9144b96c641ae68479a10a1d1c3ca43d) Importer(815301076,1909f56bfc062723c751e8b465ee728b)
Start importing Assets/NatureManufacture Assets/Winter Background Mountains/Gaia Stamps/NM_Gaia_Mountain_1.jpg using Guid(9144b96c641ae68479a10a1d1c3ca43d) Importer(815301076,1909f56bfc062723c751e8b465ee728b)  -> (artifact id: '1edb5e9114500c5cb0718df40a330fc1') in 0.006388 seconds 
  Import took 0.008347 seconds .

========================================================================
Received Import Request.
  Time since last request: 0.000248 seconds.
  path: Assets/NatureManufacture Assets/Winter Background Mountains/Gaia Stamps/NM_Gaia_Mountain_8.jpg
  artifactKey: Guid(6ced69d8a5ff5fc4c85fe68c0d819767) Importer(815301076,1909f56bfc062723c751e8b465ee728b)
Start importing Assets/NatureManufacture Assets/Winter Background Mountains/Gaia Stamps/NM_Gaia_Mountain_8.jpg using Guid(6ced69d8a5ff5fc4c85fe68c0d819767) Importer(815301076,1909f56bfc062723c751e8b465ee728b)  -> (artifact id: '883303baedd7639b0f03c6b91fc738f1') in 0.009176 seconds 
  Import took 0.011187 seconds .

========================================================================
Received Import Request.
  Time since last request: 0.000289 seconds.
  path: Assets/NatureManufacture Assets/Winter Background Mountains/Gaia Stamps/NM_Gaia_Valey_1.jpg
  artifactKey: Guid(e58178e82b168014ba18ee7ae9e1c386) Importer(815301076,1909f56bfc062723c751e8b465ee728b)
Start importing Assets/NatureManufacture Assets/Winter Background Mountains/Gaia Stamps/NM_Gaia_Valey_1.jpg using Guid(e58178e82b168014ba18ee7ae9e1c386) Importer(815301076,1909f56bfc062723c751e8b465ee728b)  -> (artifact id: 'f2c155207b2c1aeb08a75cd061af57b0') in 0.006889 seconds 
  Import took 0.009418 seconds .

========================================================================
Received Import Request.
  Time since last request: 0.000368 seconds.
  path: Assets/NatureManufacture Assets/Winter Background Mountains/Gaia Stamps/NM_Gaia_Hill_3.jpg
  artifactKey: Guid(0ff0c87c78d19a44bb0b77a395d35677) Importer(815301076,1909f56bfc062723c751e8b465ee728b)
Start importing Assets/NatureManufacture Assets/Winter Background Mountains/Gaia Stamps/NM_Gaia_Hill_3.jpg using Guid(0ff0c87c78d19a44bb0b77a395d35677) Importer(815301076,1909f56bfc062723c751e8b465ee728b)  -> (artifact id: 'dd3067e99c5695a4b96041cba28d8e97') in 0.006944 seconds 
  Import took 0.009374 seconds .

========================================================================
Received Import Request.
  Time since last request: 0.000211 seconds.
  path: Assets/NatureManufacture Assets/Winter Background Mountains/Gaia Stamps/NM_Gaia_Mountain_2.jpg
  artifactKey: Guid(efa2eefa6c172294386ed9e0f0c4c6ea) Importer(815301076,1909f56bfc062723c751e8b465ee728b)
Start importing Assets/NatureManufacture Assets/Winter Background Mountains/Gaia Stamps/NM_Gaia_Mountain_2.jpg using Guid(efa2eefa6c172294386ed9e0f0c4c6ea) Importer(815301076,1909f56bfc062723c751e8b465ee728b)  -> (artifact id: 'da61678665e2cba13c3d2ff04dbb4dae') in 0.007380 seconds 
  Import took 0.009654 seconds .

========================================================================
Received Import Request.
  Time since last request: 0.000200 seconds.
  path: Assets/NatureManufacture Assets/Winter Background Mountains/Gaia Stamps/NM_Gaia_Mountain_6.jpg
  artifactKey: Guid(77d4e08f255462b4fbbece92afa03a9d) Importer(815301076,1909f56bfc062723c751e8b465ee728b)
Start importing Assets/NatureManufacture Assets/Winter Background Mountains/Gaia Stamps/NM_Gaia_Mountain_6.jpg using Guid(77d4e08f255462b4fbbece92afa03a9d) Importer(815301076,1909f56bfc062723c751e8b465ee728b)  -> (artifact id: '89caa568a05a1b7cdd8e27bb5fd8fb2d') in 0.006734 seconds 
  Import took 0.008803 seconds .

========================================================================
Received Import Request.
  Time since last request: 0.000233 seconds.
  path: Assets/NatureManufacture Assets/Winter Background Mountains/Gaia Stamps/NM_Gaia_Valey_2.jpg
  artifactKey: Guid(0b85f9249200f944592223c39c4a8136) Importer(815301076,1909f56bfc062723c751e8b465ee728b)
Start importing Assets/NatureManufacture Assets/Winter Background Mountains/Gaia Stamps/NM_Gaia_Valey_2.jpg using Guid(0b85f9249200f944592223c39c4a8136) Importer(815301076,1909f56bfc062723c751e8b465ee728b)  -> (artifact id: 'a34e3a3cd470cb71040a26f52ff43c88') in 0.008418 seconds 
  Import took 0.010471 seconds .

========================================================================
Received Import Request.
  Time since last request: 0.000241 seconds.
  path: Assets/NatureManufacture Assets/Winter Background Mountains/Gaia Stamps/NM_Gaia_Mountain_3.jpg
  artifactKey: Guid(c139820990a0d284687e98ba0a61ed64) Importer(815301076,1909f56bfc062723c751e8b465ee728b)
Start importing Assets/NatureManufacture Assets/Winter Background Mountains/Gaia Stamps/NM_Gaia_Mountain_3.jpg using Guid(c139820990a0d284687e98ba0a61ed64) Importer(815301076,1909f56bfc062723c751e8b465ee728b)  -> (artifact id: '160c83098e4a9d67ab88ef5f656b51dd') in 0.007359 seconds 
  Import took 0.009960 seconds .

========================================================================
Received Import Request.
  Time since last request: 0.000282 seconds.
  path: Assets/NatureManufacture Assets/Winter Background Mountains/Gaia Stamps/NM_Gaia_Hill_2.jpg
  artifactKey: Guid(7e980cc87c7e43548be15a5f6f19af65) Importer(815301076,1909f56bfc062723c751e8b465ee728b)
Start importing Assets/NatureManufacture Assets/Winter Background Mountains/Gaia Stamps/NM_Gaia_Hill_2.jpg using Guid(7e980cc87c7e43548be15a5f6f19af65) Importer(815301076,1909f56bfc062723c751e8b465ee728b)  -> (artifact id: '1f4d4c969a45c61a096a20856a1091fc') in 0.008634 seconds 
  Import took 0.011797 seconds .

========================================================================
Received Import Request.
  Time since last request: 0.000245 seconds.
  path: Assets/NatureManufacture Assets/Winter Background Mountains/Gaia Stamps/NM_Gaia_Valey_4.jpg
  artifactKey: Guid(5381fe739e075b54f829ca6b08bfb77e) Importer(815301076,1909f56bfc062723c751e8b465ee728b)
Start importing Assets/NatureManufacture Assets/Winter Background Mountains/Gaia Stamps/NM_Gaia_Valey_4.jpg using Guid(5381fe739e075b54f829ca6b08bfb77e) Importer(815301076,1909f56bfc062723c751e8b465ee728b)  -> (artifact id: 'c097eaa335193e6c4f77a4702f1d0816') in 0.008025 seconds 
  Import took 0.009981 seconds .

========================================================================
Received Import Request.
  Time since last request: 0.000163 seconds.
  path: Assets/NatureManufacture Assets/Winter Background Mountains/Gaia Stamps/NM_Gaia_Hill_8.jpg
  artifactKey: Guid(e6aee031cf0394d4491fd7cdb0596f55) Importer(815301076,1909f56bfc062723c751e8b465ee728b)
Start importing Assets/NatureManufacture Assets/Winter Background Mountains/Gaia Stamps/NM_Gaia_Hill_8.jpg using Guid(e6aee031cf0394d4491fd7cdb0596f55) Importer(815301076,1909f56bfc062723c751e8b465ee728b)  -> (artifact id: '144b3634cf522532e819d4b4a0884338') in 0.006816 seconds 
  Import took 0.008818 seconds .

========================================================================
Received Import Request.
  Time since last request: 0.000175 seconds.
  path: Assets/NatureManufacture Assets/Winter Background Mountains/Gaia Stamps/NM_Gaia_Hill_6.jpg
  artifactKey: Guid(b1ae5af76bcd3614faf2bb85701ad39e) Importer(815301076,1909f56bfc062723c751e8b465ee728b)
Start importing Assets/NatureManufacture Assets/Winter Background Mountains/Gaia Stamps/NM_Gaia_Hill_6.jpg using Guid(b1ae5af76bcd3614faf2bb85701ad39e) Importer(815301076,1909f56bfc062723c751e8b465ee728b)  -> (artifact id: 'eaa2eefacaf682152fa2b8c0068e0c41') in 0.007573 seconds 
  Import took 0.009762 seconds .

========================================================================
Received Import Request.
  Time since last request: 0.000228 seconds.
  path: Assets/NatureManufacture Assets/Winter Background Mountains/Gaia Stamps/NM_Gaia_Hill_9.jpg
  artifactKey: Guid(208f94ed97b9c5140ad04b75eaa63fe8) Importer(815301076,1909f56bfc062723c751e8b465ee728b)
Start importing Assets/NatureManufacture Assets/Winter Background Mountains/Gaia Stamps/NM_Gaia_Hill_9.jpg using Guid(208f94ed97b9c5140ad04b75eaa63fe8) Importer(815301076,1909f56bfc062723c751e8b465ee728b)  -> (artifact id: 'dc3b02accb216d53c909be98f1757b16') in 0.006194 seconds 
  Import took 0.008779 seconds .

========================================================================
Received Import Request.
  Time since last request: 0.000410 seconds.
  path: Assets/NatureManufacture Assets/Winter Background Mountains/Gaia Stamps/NM_Gaia_Mountain_4.jpg
  artifactKey: Guid(8d7910be6a2ed454cb06844249e667dc) Importer(815301076,1909f56bfc062723c751e8b465ee728b)
Start importing Assets/NatureManufacture Assets/Winter Background Mountains/Gaia Stamps/NM_Gaia_Mountain_4.jpg using Guid(8d7910be6a2ed454cb06844249e667dc) Importer(815301076,1909f56bfc062723c751e8b465ee728b)  -> (artifact id: 'fdabbfafd14907b08957103c88938dfa') in 0.007287 seconds 
  Import took 0.009682 seconds .

========================================================================
Received Import Request.
  Time since last request: 0.000179 seconds.
  path: Assets/NatureManufacture Assets/Winter Background Mountains/Gaia Stamps/NM_Gaia_Valey_3.jpg
  artifactKey: Guid(b92bc381281fe2d4585ea0f31ac8edb1) Importer(815301076,1909f56bfc062723c751e8b465ee728b)
Start importing Assets/NatureManufacture Assets/Winter Background Mountains/Gaia Stamps/NM_Gaia_Valey_3.jpg using Guid(b92bc381281fe2d4585ea0f31ac8edb1) Importer(815301076,1909f56bfc062723c751e8b465ee728b)  -> (artifact id: '309a9e6a2eaea2a2d197923e8c3f5c45') in 0.007242 seconds 
  Import took 0.009215 seconds .

========================================================================
Received Import Request.
  Time since last request: 0.000155 seconds.
  path: Assets/NatureManufacture Assets/Winter Background Mountains/Gaia Stamps/NM_Gaia_Hill_5.jpg
  artifactKey: Guid(ea007aebb052c28418432f4c921ed49c) Importer(815301076,1909f56bfc062723c751e8b465ee728b)
Start importing Assets/NatureManufacture Assets/Winter Background Mountains/Gaia Stamps/NM_Gaia_Hill_5.jpg using Guid(ea007aebb052c28418432f4c921ed49c) Importer(815301076,1909f56bfc062723c751e8b465ee728b)  -> (artifact id: '1fdd0ecf6d2997c710cb81acec4fdb8e') in 0.006601 seconds 
  Import took 0.008582 seconds .

========================================================================
Received Import Request.
  Time since last request: 0.000170 seconds.
  path: Assets/NatureManufacture Assets/Winter Background Mountains/Gaia Stamps/NM_Gaia_Mountain_5.jpg
  artifactKey: Guid(7ac74ed69b48c264a87554c5932c994c) Importer(815301076,1909f56bfc062723c751e8b465ee728b)
Start importing Assets/NatureManufacture Assets/Winter Background Mountains/Gaia Stamps/NM_Gaia_Mountain_5.jpg using Guid(7ac74ed69b48c264a87554c5932c994c) Importer(815301076,1909f56bfc062723c751e8b465ee728b)  -> (artifact id: '81c0eb3cc0dd96d3885920d554100190') in 0.008265 seconds 
  Import took 0.010269 seconds .

========================================================================
Received Import Request.
  Time since last request: 0.000146 seconds.
  path: Assets/NatureManufacture Assets/Winter Background Mountains/Gaia Stamps/NM_Gaia_Mountain_7.jpg
  artifactKey: Guid(f858d968a26beb8489936f0082b11682) Importer(815301076,1909f56bfc062723c751e8b465ee728b)
Start importing Assets/NatureManufacture Assets/Winter Background Mountains/Gaia Stamps/NM_Gaia_Mountain_7.jpg using Guid(f858d968a26beb8489936f0082b11682) Importer(815301076,1909f56bfc062723c751e8b465ee728b)  -> (artifact id: 'a8fae2525feedcc0560499f72cb4ad87') in 0.006432 seconds 
  Import took 0.010090 seconds .

========================================================================
Received Import Request.
  Time since last request: 6.489199 seconds.
  path: Assets/NatureManufacture Assets/Winter Background Mountains/Winter Mountains  Overview.unity
  artifactKey: Guid(73ae37ecf4bf14442b507bcb2e5da671) Importer(815301076,1909f56bfc062723c751e8b465ee728b)
Start importing Assets/NatureManufacture Assets/Winter Background Mountains/Winter Mountains  Overview.unity using Guid(73ae37ecf4bf14442b507bcb2e5da671) Importer(815301076,1909f56bfc062723c751e8b465ee728b)  -> (artifact id: 'b999e73e2a5ef98d642bb23ce9fa5790') in 0.003132 seconds 
  Import took 0.005404 seconds .

========================================================================
Received Import Request.
  Time since last request: 276.407570 seconds.
  path: Assets/Stylized Lava Materials/Lava01/Materials/T_Lava01_emissive.mat
  artifactKey: Guid(0af9a5e268a18854e8652c5853421615) Importer(815301076,1909f56bfc062723c751e8b465ee728b)
Start importing Assets/Stylized Lava Materials/Lava01/Materials/T_Lava01_emissive.mat using Guid(0af9a5e268a18854e8652c5853421615) Importer(815301076,1909f56bfc062723c751e8b465ee728b)  -> (artifact id: 'bf80fd252aa122cc7924834e57e170a1') in 0.014749 seconds 
  Import took 0.017406 seconds .

========================================================================
Received Import Request.
  Time since last request: 0.742485 seconds.
  path: Assets/NatureManufacture Assets/Winter Background Mountains/Models/Materials/M_Mountain_2.mat
  artifactKey: Guid(3e24b5f82f4cd9d48b559d3ccfca000c) Importer(815301076,1909f56bfc062723c751e8b465ee728b)
Start importing Assets/NatureManufacture Assets/Winter Background Mountains/Models/Materials/M_Mountain_2.mat using Guid(3e24b5f82f4cd9d48b559d3ccfca000c) Importer(815301076,1909f56bfc062723c751e8b465ee728b)  -> (artifact id: 'ea86685b723302d7f8458d68bc49d850') in 0.111584 seconds 
  Import took 0.114462 seconds .

========================================================================
Received Import Request.
  Time since last request: 0.000248 seconds.
  path: Assets/NatureManufacture Assets/Winter Background Mountains/Models/Materials/M_Mountain_20.mat
  artifactKey: Guid(e114b22ac14caf145b6ec087977286d3) Importer(815301076,1909f56bfc062723c751e8b465ee728b)
Start importing Assets/NatureManufacture Assets/Winter Background Mountains/Models/Materials/M_Mountain_20.mat using Guid(e114b22ac14caf145b6ec087977286d3) Importer(815301076,1909f56bfc062723c751e8b465ee728b)  -> (artifact id: '9b58f4e63b113da42e4b8ebb3e0717f0') in 0.032301 seconds 
  Import took 0.035248 seconds .

========================================================================
Received Import Request.
  Time since last request: 0.000321 seconds.
  path: Assets/NatureManufacture Assets/Winter Background Mountains/Models/Materials/M_Mountain_23.mat
  artifactKey: Guid(64a7f6ebbaf28af46971aded12feadc3) Importer(815301076,1909f56bfc062723c751e8b465ee728b)
Start importing Assets/NatureManufacture Assets/Winter Background Mountains/Models/Materials/M_Mountain_23.mat using Guid(64a7f6ebbaf28af46971aded12feadc3) Importer(815301076,1909f56bfc062723c751e8b465ee728b)  -> (artifact id: '828ab46dd5ed9f4ff4e03f1733b4d134') in 0.023181 seconds 
  Import took 0.026489 seconds .

========================================================================
Received Import Request.
  Time since last request: 0.000305 seconds.
  path: Assets/NatureManufacture Assets/Winter Background Mountains/Models/Materials/M_Mountain_22.mat
  artifactKey: Guid(2fec8b72f83b5ee48bcba45d404ad759) Importer(815301076,1909f56bfc062723c751e8b465ee728b)
Start importing Assets/NatureManufacture Assets/Winter Background Mountains/Models/Materials/M_Mountain_22.mat using Guid(2fec8b72f83b5ee48bcba45d404ad759) Importer(815301076,1909f56bfc062723c751e8b465ee728b)  -> (artifact id: 'b75dcee3212f1fcc2c9809c597569407') in 0.019196 seconds 
  Import took 0.021822 seconds .

========================================================================
Received Import Request.
  Time since last request: 0.000222 seconds.
  path: Assets/NatureManufacture Assets/Winter Background Mountains/Models/Materials/M_Mountain_27.mat
  artifactKey: Guid(38d2eb411db571543a1465a066926c31) Importer(815301076,1909f56bfc062723c751e8b465ee728b)
Start importing Assets/NatureManufacture Assets/Winter Background Mountains/Models/Materials/M_Mountain_27.mat using Guid(38d2eb411db571543a1465a066926c31) Importer(815301076,1909f56bfc062723c751e8b465ee728b)  -> (artifact id: 'df4ddbb3160a676ba2a3b1c3e0a497f4') in 0.018883 seconds 
  Import took 0.021291 seconds .

========================================================================
Received Import Request.
  Time since last request: 0.000252 seconds.
  path: Assets/NatureManufacture Assets/Winter Background Mountains/Models/Materials/M_Mountain_47.mat
  artifactKey: Guid(49a9b464c087a1c448fa60f1a85c819f) Importer(815301076,1909f56bfc062723c751e8b465ee728b)
Start importing Assets/NatureManufacture Assets/Winter Background Mountains/Models/Materials/M_Mountain_47.mat using Guid(49a9b464c087a1c448fa60f1a85c819f) Importer(815301076,1909f56bfc062723c751e8b465ee728b)  -> (artifact id: '65e903bbaf1eeb1e22fb0158ba6c5fca') in 0.019070 seconds 
  Import took 0.022587 seconds .

========================================================================
Received Import Request.
  Time since last request: 1161.257539 seconds.
  path: Assets/Stylized Lava Materials/Lava01/New Physic Material.physicMaterial
  artifactKey: Guid(077832bbbaecd584e93aedf04e087979) Importer(815301076,1909f56bfc062723c751e8b465ee728b)
Start importing Assets/Stylized Lava Materials/Lava01/New Physic Material.physicMaterial using Guid(077832bbbaecd584e93aedf04e087979) Importer(815301076,1909f56bfc062723c751e8b465ee728b)  -> (artifact id: '4cbd992376316cae957e2fd9135f84e3') in 0.005178 seconds 
  Import took 0.007806 seconds .

========================================================================
Received Prepare
Registering precompiled user dll's ...
Registered in 0.005013 seconds.
Begin MonoManager ReloadAssembly
Native extension for WindowsStandalone target not found
Native extension for WebGL target not found
Refreshing native plugins compatible for Editor in 0.32 ms, found 2 plugins.
Preloading 0 native plugins for Editor in 0.00 ms.
Mono: successfully reloaded assembly
- Completed reload, in  0.856 seconds
Domain Reload Profiling:
	ReloadAssembly (857ms)
		BeginReloadAssembly (95ms)
			ExecutionOrderSort (0ms)
			DisableScriptedObjects (4ms)
			BackupInstance (0ms)
			ReleaseScriptingObjects (0ms)
			CreateAndSetChildDomain (30ms)
		EndReloadAssembly (708ms)
			LoadAssemblies (72ms)
			RebuildTransferFunctionScriptingTraits (0ms)
			SetupTypeCache (258ms)
			ReleaseScriptCaches (1ms)
			RebuildScriptCaches (35ms)
			SetupLoadedEditorAssemblies (257ms)
				LogAssemblyErrors (0ms)
				InitializePlatformSupportModulesInManaged (6ms)
				SetLoadedEditorAssemblies (0ms)
				RefreshPlugins (0ms)
				BeforeProcessingInitializeOnLoad (76ms)
				ProcessInitializeOnLoadAttributes (161ms)
				ProcessInitializeOnLoadMethodAttributes (8ms)
				AfterProcessingInitializeOnLoad (4ms)
				EditorAssembliesLoaded (0ms)
			ExecutionOrderSort2 (0ms)
			AwakeInstancesAfterBackupRestoration (6ms)
Platform modules already initialized, skipping
Refreshing native plugins compatible for Editor in 0.32 ms, found 2 plugins.
Preloading 0 native plugins for Editor in 0.00 ms.
Unloading 1494 Unused Serialized files (Serialized files now loaded: 0)
System memory in use before: 71.8 MB.
System memory in use after: 71.9 MB.

Unloading 14 unused Assets to reduce memory usage. Loaded Objects now: 1977.
Total: 2.614000 ms (FindLiveObjects: 0.118800 ms CreateObjectMapping: 0.038000 ms MarkObjects: 2.442800 ms  DeleteObjects: 0.013000 ms)

AssetImportParameters requested are different than current active one (requested -> active):
  custom:framework-win-MediaFoundation: 216162199b28c13a410421893ffa2e32 -> 
  custom:video-decoder-ogg-theora: a1e56fd34408186e4bbccfd4996cb3dc -> 
  custom:container-muxer-webm: aa71ff27fc2769a1b78a27578f13a17b -> 
  custom:container-demuxer-webm: 4f35f7cbe854078d1ac9338744f61a02 -> 
  custom:container-demuxer-ogg: 62fdf1f143b41e24485cea50d1cbac27 -> 
  custom:video-encoder-webm-vp8: eb34c28f22e8b96e1ab97ce403110664 -> 
  custom:video-decoder-webm-vp8: 9c59270c3fd7afecdb556c50c9e8de78 -> 
  custom:audio-decoder-ogg-vorbis: bf7c407c2cedff20999df2af8eb42d56 -> 
  custom:audio-encoder-webm-vorbis: bf7c407c2cedff20999df2af8eb42d56 -> 
========================================================================
Received Import Request.
  Time since last request: 603.274935 seconds.
  path: Assets/Stylized Lava Materials/Lava01/M_Lava01.mat
  artifactKey: Guid(196a83e4fac7a644ebc189706f6c2082) Importer(815301076,1909f56bfc062723c751e8b465ee728b)
Start importing Assets/Stylized Lava Materials/Lava01/M_Lava01.mat using Guid(196a83e4fac7a644ebc189706f6c2082) Importer(815301076,1909f56bfc062723c751e8b465ee728b)  -> (artifact id: 'af7b98928963804605169714537d82eb') in 0.070604 seconds 
  Import took 0.073574 seconds .

========================================================================
Received Import Request.
  Time since last request: 0.000267 seconds.
  path: Assets/Stylized Lava Materials/Lava01/New Physic Material.physicMaterial
  artifactKey: Guid(077832bbbaecd584e93aedf04e087979) Importer(815301076,1909f56bfc062723c751e8b465ee728b)
Start importing Assets/Stylized Lava Materials/Lava01/New Physic Material.physicMaterial using Guid(077832bbbaecd584e93aedf04e087979) Importer(815301076,1909f56bfc062723c751e8b465ee728b)  -> (artifact id: 'b5e1c5b36ba6fb839063dc46cf9554cb') in 0.001735 seconds 
  Import took 0.004736 seconds .

AssetImportWorkerClient::OnTransportError - code=2 error=End of file
